c:\users\acer\desktop\fish\x64\release\vc141.pdb
c:\users\acer\desktop\fish\x64\release\state.obj
c:\users\acer\desktop\fish\x64\release\rarefish.obj
c:\users\acer\desktop\fish\x64\release\playstate.obj
c:\users\acer\desktop\fish\x64\release\object.obj
c:\users\acer\desktop\fish\x64\release\mainmenu.obj
c:\users\acer\desktop\fish\x64\release\main.obj
c:\users\acer\desktop\fish\x64\release\loader.obj
c:\users\acer\desktop\fish\x64\release\legendaryfish.obj
c:\users\acer\desktop\fish\x64\release\game.obj
c:\users\acer\desktop\fish\x64\release\fishfactory.obj
c:\users\acer\desktop\fish\x64\release\fish.obj
c:\users\acer\desktop\fish\x64\release\field.obj
c:\users\acer\desktop\fish\x64\release\engine.obj
c:\users\acer\desktop\fish\x64\release\drawablegroup.obj
c:\users\acer\desktop\fish\x64\release\creditmenu.obj
c:\users\acer\desktop\fish\x64\release\commonfish.obj
c:\users\acer\desktop\fish\x64\release\clickableobject.obj
c:\users\acer\desktop\fish\x64\release\chance.obj
c:\users\acer\desktop\fish\x64\release\button.obj
c:\users\acer\desktop\fish\x64\release\fish.ipdb
c:\users\acer\desktop\fish\x64\release\fish.iobj
c:\users\acer\desktop\fish\x64\release\fish.exe
c:\users\acer\desktop\fish\x64\release\fish.pdb
c:\users\acer\desktop\fish\x64\release\fish.tlog\cl.command.1.tlog
c:\users\acer\desktop\fish\x64\release\fish.tlog\cl.read.1.tlog
c:\users\acer\desktop\fish\x64\release\fish.tlog\cl.write.1.tlog
c:\users\acer\desktop\fish\x64\release\fish.tlog\fish.write.1u.tlog
c:\users\acer\desktop\fish\x64\release\fish.tlog\link.command.1.tlog
c:\users\acer\desktop\fish\x64\release\fish.tlog\link.read.1.tlog
c:\users\acer\desktop\fish\x64\release\fish.tlog\link.write.1.tlog
