c:\users\acer\desktop\fish\release\vc141.pdb
c:\users\acer\desktop\fish\release\state.obj
c:\users\acer\desktop\fish\release\rarefish.obj
c:\users\acer\desktop\fish\release\playstate.obj
c:\users\acer\desktop\fish\release\object.obj
c:\users\acer\desktop\fish\release\mainmenu.obj
c:\users\acer\desktop\fish\release\main.obj
c:\users\acer\desktop\fish\release\loader.obj
c:\users\acer\desktop\fish\release\legendaryfish.obj
c:\users\acer\desktop\fish\release\game.obj
c:\users\acer\desktop\fish\release\fishfactory.obj
c:\users\acer\desktop\fish\release\fish.obj
c:\users\acer\desktop\fish\release\field.obj
c:\users\acer\desktop\fish\release\engine.obj
c:\users\acer\desktop\fish\release\drawablegroup.obj
c:\users\acer\desktop\fish\release\creditmenu.obj
c:\users\acer\desktop\fish\release\commonfish.obj
c:\users\acer\desktop\fish\release\clickableobject.obj
c:\users\acer\desktop\fish\release\chance.obj
c:\users\acer\desktop\fish\release\button.obj
c:\users\acer\desktop\fish\release\fish.tlog\cl.command.1.tlog
c:\users\acer\desktop\fish\release\fish.tlog\cl.read.1.tlog
c:\users\acer\desktop\fish\release\fish.tlog\cl.write.1.tlog
c:\users\acer\desktop\fish\release\fish.tlog\link.command.1.tlog
c:\users\acer\desktop\fish\release\fish.tlog\link.read.1.tlog
c:\users\acer\desktop\fish\release\fish.tlog\link.write.1.tlog
